# JRE version: Java(TM) SE Runtime Environment (8.0_162-b12) (build 1.8.0_162-b12)
# Java VM: Java HotSpot(TM) 64-Bit Server VM (25.162-b12 mixed mode windows-amd64 compressed oops)
Heap:
 PSYoungGen      total 36352K, used 22153K [0x00000000d7a00000, 0x00000000da280000, 0x0000000100000000)
  eden space 31232K, 54% used [0x00000000d7a00000,0x00000000d8aa2be8,0x00000000d9880000)
  from space 5120K, 99% used [0x00000000d9d80000,0x00000000da27f998,0x00000000da280000)
  to   space 5120K, 0% used [0x00000000d9880000,0x00000000d9880000,0x00000000d9d80000)
 ParOldGen       total 83456K, used 7723K [0x0000000086e00000, 0x000000008bf80000, 0x00000000d7a00000)
  object space 83456K, 9% used [0x0000000086e00000,0x000000008758ace8,0x000000008bf80000)
 Metaspace       used 19624K, capacity 20672K, committed 20864K, reserved 1067008K
  class space    used 2671K, capacity 2915K, committed 2944K, reserved 1048576K
GC Heap History (4 events):
Event: 1.013 GC heap before
{Heap before GC invocations=1 (full 0):
 PSYoungGen      total 36352K, used 31232K [0x00000000d7a00000, 0x00000000da280000, 0x0000000100000000)
  eden space 31232K, 100% used [0x00000000d7a00000,0x00000000d9880000,0x00000000d9880000)
  from space 5120K, 0% used [0x00000000d9d80000,0x00000000d9d80000,0x00000000da280000)
  to   space 5120K, 0% used [0x00000000d9880000,0x00000000d9880000,0x00000000d9d80000)
 ParOldGen       total 83456K, used 0K [0x0000000086e00000, 0x000000008bf80000, 0x00000000d7a00000)
  object space 83456K, 0% used [0x0000000086e00000,0x0000000086e00000,0x000000008bf80000)
 Metaspace       used 12816K, capacity 13218K, committed 13440K, reserved 1060864K
  class space    used 1669K, capacity 1848K, committed 1920K, reserved 1048576K
Event: 1.020 GC heap after
Heap after GC invocations=1 (full 0):
 PSYoungGen      total 36352K, used 4324K [0x00000000d7a00000, 0x00000000da280000, 0x0000000100000000)
  eden space 31232K, 0% used [0x00000000d7a00000,0x00000000d7a00000,0x00000000d9880000)
  from space 5120K, 84% used [0x00000000d9880000,0x00000000d9cb9188,0x00000000d9d80000)
  to   space 5120K, 0% used [0x00000000d9d80000,0x00000000d9d80000,0x00000000da280000)
 ParOldGen       total 83456K, used 80K [0x0000000086e00000, 0x000000008bf80000, 0x00000000d7a00000)
  object space 83456K, 0% used [0x0000000086e00000,0x0000000086e14010,0x000000008bf80000)
 Metaspace       used 12816K, capacity 13218K, committed 13440K, reserved 1060864K
  class space    used 1669K, capacity 1848K, committed 1920K, reserved 1048576K
}
Event: 9.944 GC heap before
{Heap before GC invocations=2 (full 0):
 PSYoungGen      total 36352K, used 35555K [0x00000000d7a00000, 0x00000000da280000, 0x0000000100000000)
  eden space 31232K, 99% used [0x00000000d7a00000,0x00000000d987fe28,0x00000000d9880000)
  from space 5120K, 84% used [0x00000000d9880000,0x00000000d9cb9188,0x00000000d9d80000)
  to   space 5120K, 0% used [0x00000000d9d80000,0x00000000d9d80000,0x00000000da280000)
 ParOldGen       total 83456K, used 80K [0x0000000086e00000, 0x000000008bf80000, 0x00000000d7a00000)
  object space 83456K, 0% used [0x0000000086e00000,0x0000000086e14010,0x000000008bf80000)
 Metaspace       used 18516K, capacity 19526K, committed 19840K, reserved 1067008K
  class space    used 2643K, capacity 2894K, committed 2944K, reserved 1048576K
Event: 9.954 GC heap after
Heap after GC invocations=2 (full 0):
 PSYoungGen      total 36352K, used 5118K [0x00000000d7a00000, 0x00000000da280000, 0x0000000100000000)
  eden space 31232K, 0% used [0x00000000d7a00000,0x00000000d7a00000,0x00000000d9880000)
  from space 5120K, 99% used [0x00000000d9d80000,0x00000000da27f998,0x00000000da280000)
  to   space 5120K, 0% used [0x00000000d9880000,0x00000000d9880000,0x00000000d9d80000)
 ParOldGen       total 83456K, used 7723K [0x0000000086e00000, 0x000000008bf80000, 0x00000000d7a00000)
  object space 83456K, 9% used [0x0000000086e00000,0x000000008758ace8,0x000000008bf80000)
 Metaspace       used 18516K, capacity 19526K, committed 19840K, reserved 1067008K
  class space    used 2643K, capacity 2894K, committed 2944K, reserved 1048576K
}

